<?xml version="1.0" encoding="UTF-8"?>
<!-- Generated by org.testng.reporters.JUnitReportReporter -->
<testsuite name="com.coolprodbp.tests.COOLProdBPTest" tests="1" time="20.267" ignored="0" failures="0" timestamp="11 Jan 2018 07:07:52 GMT" skipped="0" hostname="IBM177-PC0ANX0A" errors="0">
  <testcase name="coolProdBPTest" time="20.267" classname="com.coolprodbp.tests.COOLProdBPTest"/>
</testsuite> <!-- com.coolprodbp.tests.COOLProdBPTest -->
