<?xml version="1.0" encoding="UTF-8"?>
<!-- Generated by org.testng.reporters.JUnitReportReporter -->
<testsuite name="com.coolprodbp.tests.COOLProdBPTest" tests="1" time="7.534" ignored="0" failures="0" timestamp="12 Sep 2017 07:23:00 GMT" skipped="0" hostname="IBM655-PC07ZFRS" errors="0">
  <testcase name="coolTest" time="7.534" classname="com.coolprodbp.tests.COOLProdBPTest"/>
</testsuite> <!-- com.coolprodbp.tests.COOLProdBPTest -->
